[debug] [2024-05-28T17:11:14.537Z] ----------------------------------------------------------------------
[debug] [2024-05-28T17:11:14.540Z] Command:       C:\Program Files\nodejs\node.exe C:\Users\rosha\AppData\Roaming\npm\node_modules\firebase-tools\lib\bin\firebase.js deploy
[debug] [2024-05-28T17:11:14.540Z] CLI Version:   13.7.3
[debug] [2024-05-28T17:11:14.541Z] Platform:      win32
[debug] [2024-05-28T17:11:14.541Z] Node Version:  v20.10.0
[debug] [2024-05-28T17:11:14.541Z] Time:          Tue May 28 2024 22:41:14 GMT+0530 (India Standard Time)
[debug] [2024-05-28T17:11:14.541Z] ----------------------------------------------------------------------
[debug] 
[debug] [2024-05-28T17:11:14.546Z] >>> [apiv2][query] GET https://firebase-public.firebaseio.com/cli.json [none]
[debug] [2024-05-28T17:11:14.698Z] > command requires scopes: ["email","openid","https://www.googleapis.com/auth/cloudplatformprojects.readonly","https://www.googleapis.com/auth/firebase","https://www.googleapis.com/auth/cloud-platform"]
[debug] [2024-05-28T17:11:14.699Z] > authorizing via signed-in user (roshanrajurkar50@gmail.com)
[debug] [2024-05-28T17:11:14.699Z] [iam] checking project slug-app-and-admin for permissions ["firebase.projects.get","firebasehosting.sites.update"]
[debug] [2024-05-28T17:11:14.700Z] > refreshing access token with scopes: []
[debug] [2024-05-28T17:11:14.700Z] >>> [apiv2][query] POST https://www.googleapis.com/oauth2/v3/token [none]
[debug] [2024-05-28T17:11:14.701Z] >>> [apiv2][body] POST https://www.googleapis.com/oauth2/v3/token [omitted]
[debug] [2024-05-28T17:11:15.019Z] <<< [apiv2][status] POST https://www.googleapis.com/oauth2/v3/token 200
[debug] [2024-05-28T17:11:15.020Z] <<< [apiv2][body] POST https://www.googleapis.com/oauth2/v3/token [omitted]
[debug] [2024-05-28T17:11:15.032Z] >>> [apiv2][query] POST https://cloudresourcemanager.googleapis.com/v1/projects/slug-app-and-admin:testIamPermissions [none]
[debug] [2024-05-28T17:11:15.032Z] >>> [apiv2][(partial)header] POST https://cloudresourcemanager.googleapis.com/v1/projects/slug-app-and-admin:testIamPermissions x-goog-quota-user=projects/slug-app-and-admin
[debug] [2024-05-28T17:11:15.033Z] >>> [apiv2][body] POST https://cloudresourcemanager.googleapis.com/v1/projects/slug-app-and-admin:testIamPermissions {"permissions":["firebase.projects.get","firebasehosting.sites.update"]}
[debug] [2024-05-28T17:11:15.365Z] <<< [apiv2][status] GET https://firebase-public.firebaseio.com/cli.json 200
[debug] [2024-05-28T17:11:15.365Z] <<< [apiv2][body] GET https://firebase-public.firebaseio.com/cli.json {"cloudBuildErrorAfter":1594252800000,"cloudBuildWarnAfter":1590019200000,"defaultNode10After":1594252800000,"minVersion":"3.0.5","node8DeploysDisabledAfter":1613390400000,"node8RuntimeDisabledAfter":1615809600000,"node8WarnAfter":1600128000000}
